#
# There is insufficient memory for the Java Runtime Environment to continue.
# Native memory allocation (malloc) failed to allocate 970736 bytes for Chunk::new
# Possible reasons:
#   The system is out of physical RAM or swap space
#   In 32 bit mode, the process size limit was hit
# Possible solutions:
#   Reduce memory load on the system
#   Increase physical memory or swap space
#   Check if swap backing store is full
#   Use 64 bit Java on a 64 bit OS
#   Decrease Java heap size (-Xmx/-Xms)
#   Decrease number of Java threads
#   Decrease Java thread stack sizes (-Xss)
#   Set larger code cache with -XX:ReservedCodeCacheSize=
# This output file may be truncated or incomplete.
#
#  Out of Memory Error (allocation.cpp:390), pid=35124, tid=0x0000000000004198
#
# JRE version: Java(TM) SE Runtime Environment (8.0_181-b13) (build 1.8.0_181-b13)
# Java VM: Java HotSpot(TM) 64-Bit Server VM (25.181-b13 mixed mode windows-amd64 compressed oops)
# Failed to write core dump. Minidumps are not enabled by default on client versions of Windows
#

---------------  T H R E A D  ---------------

Current thread (0x000000001ec5b000):  JavaThread "C2 CompilerThread1" daemon [_thread_in_native, id=16792, stack(0x0000000020250000,0x0000000020350000)]

Stack: [0x0000000020250000,0x0000000020350000]
[error occurred during error reporting (printing stack bounds), id 0xc0000005]

Native frames: (J=compiled Java code, j=interpreted, Vv=VM code, C=native code)


Current CompileTask:
C2:   4726 3814       4       java.lang.Class::privateGetMethodRecursive (130 bytes)


---------------  P R O C E S S  ---------------

Java Threads: ( => current thread )
  0x00000000231a5800 JavaThread "mysql-cj-abandoned-connection-cleanup" daemon [_thread_blocked, id=25244, stack(0x0000000023810000,0x0000000023910000)]
  0x000000001eee5800 JavaThread "surefire-forkedjvm-ping-30s" daemon [_thread_in_native, id=19308, stack(0x0000000020850000,0x0000000020950000)]
  0x000000001ed93000 JavaThread "surefire-forkedjvm-command-thread" daemon [_thread_in_native, id=30160, stack(0x0000000020750000,0x0000000020850000)]
  0x000000001ec70800 JavaThread "Service Thread" daemon [_thread_blocked, id=34512, stack(0x0000000020550000,0x0000000020650000)]
  0x000000001ec65000 JavaThread "C1 CompilerThread3" daemon [_thread_blocked, id=37948, stack(0x0000000020450000,0x0000000020550000)]
  0x000000001ec61000 JavaThread "C2 CompilerThread2" daemon [_thread_in_native, id=10028, stack(0x0000000020350000,0x0000000020450000)]
=>0x000000001ec5b000 JavaThread "C2 CompilerThread1" daemon [_thread_in_native, id=16792, stack(0x0000000020250000,0x0000000020350000)]
  0x000000001ec53800 JavaThread "C2 CompilerThread0" daemon [_thread_in_native, id=14324, stack(0x0000000020150000,0x0000000020250000)]
  0x000000001ec51000 JavaThread "Attach Listener" daemon [_thread_blocked, id=34228, stack(0x0000000020050000,0x0000000020150000)]
  0x000000001ebfd000 JavaThread "Signal Dispatcher" daemon [_thread_blocked, id=32652, stack(0x000000001ff50000,0x0000000020050000)]
  0x000000001ebe3800 JavaThread "Finalizer" daemon [_thread_blocked, id=41780, stack(0x000000001fe50000,0x000000001ff50000)]
  0x000000001d50d000 JavaThread "Reference Handler" daemon [_thread_blocked, id=14552, stack(0x000000001fd50000,0x000000001fe50000)]
  0x000000000372e000 JavaThread "main" [_thread_in_Java, id=41972, stack(0x0000000003770000,0x0000000003870000)]

Other Threads:
  0x000000001ebc2800 VMThread [stack: 0x000000001fc50000,0x000000001fd50000] [id=36600]
  0x000000001ec73000 WatcherThread [stack: 0x0000000020650000,0x0000000020750000] [id=37560]

VM state:not at safepoint (normal execution)

VM Mutex/Monitor currently owned by a thread: None

Heap:
 PSYoungGen      total 144896K, used 37119K [0x000000076b800000, 0x0000000778580000, 0x00000007c0000000)
  eden space 132608K, 23% used [0x000000076b800000,0x000000076d662f20,0x0000000773980000)
  from space 12288K, 48% used [0x0000000773980000,0x0000000773f5ce58,0x0000000774580000)
  to   space 12288K, 0% used [0x0000000777980000,0x0000000777980000,0x0000000778580000)
 ParOldGen       total 173568K, used 13978K [0x00000006c2800000, 0x00000006cd180000, 0x000000076b800000)
  object space 173568K, 8% used [0x00000006c2800000,0x00000006c35a6900,0x00000006cd180000)
 Metaspace       used 39806K, capacity 42670K, committed 42792K, reserved 1085440K
  class space    used 5410K, capacity 5903K, committed 5928K, reserved 1048576K

Card table byte_map: [0x0000000012d30000,0x0000000013520000] byte_map_base: 0x000000000f71c000

Marking Bits: (ParMarkBitMap*) 0x000000006a8a2d00
 Begin Bits: [0x0000000014470000, 0x00000000183d0000)
 End Bits:   [0x00000000183d0000, 0x000000001c330000)

Polling page: 0x00000000029a0000

CodeCache: size=245760Kb used=15305Kb max_used=15305Kb free=230454Kb
 bounds [0x0000000003970000, 0x0000000004870000, 0x0000000012970000]
 total_blobs=4618 nmethods=4182 adapters=348
 compilation: enabled

Compilation events (10 events):
Event: 4.717 Thread 0x000000001ec65000 4185       3       java.lang.invoke.SimpleMethodHandle::copyWithExtendL (7 bytes)
Event: 4.717 Thread 0x000000001ec65000 nmethod 4185 0x0000000004869a10 code [0x0000000004869ba0, 0x0000000004869ee8]
Event: 4.717 Thread 0x000000001ec65000 4186       3       java.lang.invoke.BoundMethodHandle::bindSingle (7 bytes)
Event: 4.717 Thread 0x000000001ec65000 nmethod 4186 0x000000000486a0d0 code [0x000000000486a240, 0x000000000486a508]
Event: 4.718 Thread 0x000000001ec65000 4187       3       java.util.Collections$SetFromMap::add (22 bytes)
Event: 4.718 Thread 0x000000001ec65000 nmethod 4187 0x000000000486a690 code [0x000000000486a800, 0x000000000486aa88]
Event: 4.718 Thread 0x000000001ec65000 4188       3       java.lang.ThreadLocal::set (30 bytes)
Event: 4.718 Thread 0x000000001ec65000 nmethod 4188 0x000000000486ab50 code [0x000000000486ace0, 0x000000000486b1b8]
Event: 4.721 Thread 0x000000001ec65000 4189       3       java.lang.ReflectiveOperationException::<init> (6 bytes)
Event: 4.721 Thread 0x000000001ec65000 nmethod 4189 0x000000000486b3d0 code [0x000000000486b540, 0x000000000486b728]

GC Heap History (10 events):
Event: 2.409 GC heap before
{Heap before GC invocations=5 (full 1):
 PSYoungGen      total 75776K, used 71796K [0x000000076b800000, 0x0000000772680000, 0x00000007c0000000)
  eden space 65024K, 100% used [0x000000076b800000,0x000000076f780000,0x000000076f780000)
  from space 10752K, 62% used [0x000000076f780000,0x000000076fe1d320,0x0000000770200000)
  to   space 10752K, 0% used [0x0000000771c00000,0x0000000771c00000,0x0000000772680000)
 ParOldGen       total 112128K, used 9729K [0x00000006c2800000, 0x00000006c9580000, 0x000000076b800000)
  object space 112128K, 8% used [0x00000006c2800000,0x00000006c3180750,0x00000006c9580000)
 Metaspace       used 26191K, capacity 28046K, committed 28080K, reserved 1073152K
  class space    used 3381K, capacity 3735K, committed 3760K, reserved 1048576K
Event: 2.413 GC heap after
Heap after GC invocations=5 (full 1):
 PSYoungGen      total 102400K, used 6209K [0x000000076b800000, 0x0000000772780000, 0x00000007c0000000)
  eden space 91648K, 0% used [0x000000076b800000,0x000000076b800000,0x0000000771180000)
  from space 10752K, 57% used [0x0000000771c00000,0x0000000772210730,0x0000000772680000)
  to   space 10752K, 0% used [0x0000000771180000,0x0000000771180000,0x0000000771c00000)
 ParOldGen       total 112128K, used 9737K [0x00000006c2800000, 0x00000006c9580000, 0x000000076b800000)
  object space 112128K, 8% used [0x00000006c2800000,0x00000006c3182750,0x00000006c9580000)
 Metaspace       used 26191K, capacity 28046K, committed 28080K, reserved 1073152K
  class space    used 3381K, capacity 3735K, committed 3760K, reserved 1048576K
}
Event: 3.047 GC heap before
{Heap before GC invocations=6 (full 1):
 PSYoungGen      total 102400K, used 97857K [0x000000076b800000, 0x0000000772780000, 0x00000007c0000000)
  eden space 91648K, 100% used [0x000000076b800000,0x0000000771180000,0x0000000771180000)
  from space 10752K, 57% used [0x0000000771c00000,0x0000000772210730,0x0000000772680000)
  to   space 10752K, 0% used [0x0000000771180000,0x0000000771180000,0x0000000771c00000)
 ParOldGen       total 112128K, used 9737K [0x00000006c2800000, 0x00000006c9580000, 0x000000076b800000)
  object space 112128K, 8% used [0x00000006c2800000,0x00000006c3182750,0x00000006c9580000)
 Metaspace       used 30673K, capacity 32834K, committed 33200K, reserved 1077248K
  class space    used 3998K, capacity 4401K, committed 4528K, reserved 1048576K
Event: 3.055 GC heap after
Heap after GC invocations=6 (full 1):
 PSYoungGen      total 102400K, used 10278K [0x000000076b800000, 0x0000000775180000, 0x00000007c0000000)
  eden space 91648K, 0% used [0x000000076b800000,0x000000076b800000,0x0000000771180000)
  from space 10752K, 95% used [0x0000000771180000,0x0000000771b89b20,0x0000000771c00000)
  to   space 12288K, 0% used [0x0000000774580000,0x0000000774580000,0x0000000775180000)
 ParOldGen       total 112128K, used 9745K [0x00000006c2800000, 0x00000006c9580000, 0x000000076b800000)
  object space 112128K, 8% used [0x00000006c2800000,0x00000006c3184750,0x00000006c9580000)
 Metaspace       used 30673K, capacity 32834K, committed 33200K, reserved 1077248K
  class space    used 3998K, capacity 4401K, committed 4528K, reserved 1048576K
}
Event: 3.405 GC heap before
{Heap before GC invocations=7 (full 1):
 PSYoungGen      total 102400K, used 71233K [0x000000076b800000, 0x0000000775180000, 0x00000007c0000000)
  eden space 91648K, 66% used [0x000000076b800000,0x000000076f386bf8,0x0000000771180000)
  from space 10752K, 95% used [0x0000000771180000,0x0000000771b89b20,0x0000000771c00000)
  to   space 12288K, 0% used [0x0000000774580000,0x0000000774580000,0x0000000775180000)
 ParOldGen       total 112128K, used 9745K [0x00000006c2800000, 0x00000006c9580000, 0x000000076b800000)
  object space 112128K, 8% used [0x00000006c2800000,0x00000006c3184750,0x00000006c9580000)
 Metaspace       used 33202K, capacity 35384K, committed 35496K, reserved 1079296K
  class space    used 4548K, capacity 4978K, committed 5032K, reserved 1048576K
Event: 3.411 GC heap after
Heap after GC invocations=7 (full 1):
 PSYoungGen      total 144896K, used 9234K [0x000000076b800000, 0x0000000775480000, 0x00000007c0000000)
  eden space 132608K, 0% used [0x000000076b800000,0x000000076b800000,0x0000000773980000)
  from space 12288K, 75% used [0x0000000774580000,0x0000000774e84b20,0x0000000775180000)
  to   space 12288K, 0% used [0x0000000773980000,0x0000000773980000,0x0000000774580000)
 ParOldGen       total 112128K, used 9753K [0x00000006c2800000, 0x00000006c9580000, 0x000000076b800000)
  object space 112128K, 8% used [0x00000006c2800000,0x00000006c3186750,0x00000006c9580000)
 Metaspace       used 33202K, capacity 35384K, committed 35496K, reserved 1079296K
  class space    used 4548K, capacity 4978K, committed 5032K, reserved 1048576K
}
Event: 3.411 GC heap before
{Heap before GC invocations=8 (full 2):
 PSYoungGen      total 144896K, used 9234K [0x000000076b800000, 0x0000000775480000, 0x00000007c0000000)
  eden space 132608K, 0% used [0x000000076b800000,0x000000076b800000,0x0000000773980000)
  from space 12288K, 75% used [0x0000000774580000,0x0000000774e84b20,0x0000000775180000)
  to   space 12288K, 0% used [0x0000000773980000,0x0000000773980000,0x0000000774580000)
 ParOldGen       total 112128K, used 9753K [0x00000006c2800000, 0x00000006c9580000, 0x000000076b800000)
  object space 112128K, 8% used [0x00000006c2800000,0x00000006c3186750,0x00000006c9580000)
 Metaspace       used 33202K, capacity 35384K, committed 35496K, reserved 1079296K
  class space    used 4548K, capacity 4978K, committed 5032K, reserved 1048576K
Event: 3.437 GC heap after
Heap after GC invocations=8 (full 2):
 PSYoungGen      total 144896K, used 0K [0x000000076b800000, 0x0000000775480000, 0x00000007c0000000)
  eden space 132608K, 0% used [0x000000076b800000,0x000000076b800000,0x0000000773980000)
  from space 12288K, 0% used [0x0000000774580000,0x0000000774580000,0x0000000775180000)
  to   space 12288K, 0% used [0x0000000773980000,0x0000000773980000,0x0000000774580000)
 ParOldGen       total 173568K, used 13962K [0x00000006c2800000, 0x00000006cd180000, 0x000000076b800000)
  object space 173568K, 8% used [0x00000006c2800000,0x00000006c35a28e8,0x00000006cd180000)
 Metaspace       used 33202K, capacity 35384K, committed 35496K, reserved 1079296K
  class space    used 4548K, capacity 4978K, committed 5032K, reserved 1048576K
}
Event: 4.582 GC heap before
{Heap before GC invocations=9 (full 2):
 PSYoungGen      total 144896K, used 132608K [0x000000076b800000, 0x0000000775480000, 0x00000007c0000000)
  eden space 132608K, 100% used [0x000000076b800000,0x0000000773980000,0x0000000773980000)
  from space 12288K, 0% used [0x0000000774580000,0x0000000774580000,0x0000000775180000)
  to   space 12288K, 0% used [0x0000000773980000,0x0000000773980000,0x0000000774580000)
 ParOldGen       total 173568K, used 13962K [0x00000006c2800000, 0x00000006cd180000, 0x000000076b800000)
  object space 173568K, 8% used [0x00000006c2800000,0x00000006c35a28e8,0x00000006cd180000)
 Metaspace       used 38841K, capacity 41280K, committed 41384K, reserved 1085440K
  class space    used 5272K, capacity 5732K, committed 5800K, reserved 1048576K
Event: 4.587 GC heap after
Heap after GC invocations=9 (full 2):
 PSYoungGen      total 144896K, used 6003K [0x000000076b800000, 0x0000000778580000, 0x00000007c0000000)
  eden space 132608K, 0% used [0x000000076b800000,0x000000076b800000,0x0000000773980000)
  from space 12288K, 48% used [0x0000000773980000,0x0000000773f5ce58,0x0000000774580000)
  to   space 12288K, 0% used [0x0000000777980000,0x0000000777980000,0x0000000778580000)
 ParOldGen       total 173568K, used 13978K [0x00000006c2800000, 0x00000006cd180000, 0x000000076b800000)
  object space 173568K, 8% used [0x00000006c2800000,0x00000006c35a6900,0x00000006cd180000)
 Metaspace       used 38841K, capacity 41280K, committed 41384K, reserved 1085440K
  class space    used 5272K, capacity 5732K, committed 5800K, reserved 1048576K
}

Deoptimization events (10 events):
Event: 4.389 Thread 0x000000000372e000 Uncommon trap: reason=bimorphic action=maybe_recompile pc=0x0000000004116318 method=java.util.HashMap.putVal(ILjava/lang/Object;Ljava/lang/Object;ZZ)Ljava/lang/Object; @ 253
Event: 4.417 Thread 0x000000000372e000 Uncommon trap: reason=class_check action=maybe_recompile pc=0x000000000458db40 method=org.springframework.beans.factory.support.AbstractBeanFactory.isTypeMatch(Ljava/lang/String;Lorg/springframework/core/ResolvableType;Z)Z @ 53
Event: 4.459 Thread 0x000000000372e000 Uncommon trap: reason=class_check action=maybe_recompile pc=0x000000000458db40 method=org.springframework.beans.factory.support.AbstractBeanFactory.isTypeMatch(Ljava/lang/String;Lorg/springframework/core/ResolvableType;Z)Z @ 53
Event: 4.497 Thread 0x000000000372e000 Uncommon trap: reason=class_check action=maybe_recompile pc=0x000000000458db40 method=org.springframework.beans.factory.support.AbstractBeanFactory.isTypeMatch(Ljava/lang/String;Lorg/springframework/core/ResolvableType;Z)Z @ 53
Event: 4.560 Thread 0x000000000372e000 Uncommon trap: reason=bimorphic action=maybe_recompile pc=0x000000000461ee94 method=java.util.regex.Pattern$Start.match(Ljava/util/regex/Matcher;ILjava/lang/CharSequence;)Z @ 44
Event: 4.560 Thread 0x000000000372e000 Uncommon trap: reason=bimorphic action=maybe_recompile pc=0x000000000461ee94 method=java.util.regex.Pattern$Start.match(Ljava/util/regex/Matcher;ILjava/lang/CharSequence;)Z @ 44
Event: 4.560 Thread 0x000000000372e000 Uncommon trap: reason=bimorphic action=maybe_recompile pc=0x000000000461ee94 method=java.util.regex.Pattern$Start.match(Ljava/util/regex/Matcher;ILjava/lang/CharSequence;)Z @ 44
Event: 4.560 Thread 0x000000000372e000 Uncommon trap: reason=bimorphic action=maybe_recompile pc=0x000000000461ee94 method=java.util.regex.Pattern$Start.match(Ljava/util/regex/Matcher;ILjava/lang/CharSequence;)Z @ 44
Event: 4.637 Thread 0x000000000372e000 Uncommon trap: reason=unstable_if action=reinterpret pc=0x0000000003f785f8 method=java.util.Properties$LineReader.readLine()I @ 200
Event: 4.642 Thread 0x000000000372e000 Uncommon trap: reason=unstable_if action=reinterpret pc=0x0000000003f2374c method=java.io.WinNTFileSystem.isLetter(C)Z @ 15

Classes redefined (0 events):
No events

Internal exceptions (10 events):
Event: 4.694 Thread 0x000000000372e000 Exception <a 'java/lang/ClassNotFoundException': java/lang/ObjectCustomizer> (0x000000076d0303e0) thrown at [C:\re\workspace\8-2-build-windows-amd64-cygwin\jdk8u181\11358\hotspot\src\share\vm\classfile\systemDictionary.cpp, line 210]
Event: 4.695 Thread 0x000000000372e000 Exception <a 'java/lang/ClassNotFoundException': org/springframework/boot/autoconfigure/web/servlet/HttpEncodingAutoConfiguration$LocaleCharsetMappingsCustomizerCustomizer> (0x000000076d073d18) thrown at [C:\re\workspace\8-2-build-windows-amd64-cygwin\jdk
Event: 4.695 Thread 0x000000000372e000 Exception <a 'java/lang/ClassNotFoundException': org/springframework/boot/web/server/WebServerFactoryCustomizerCustomizer> (0x000000076d0a6948) thrown at [C:\re\workspace\8-2-build-windows-amd64-cygwin\jdk8u181\11358\hotspot\src\share\vm\classfile\systemD
Event: 4.696 Thread 0x000000000372e000 Exception <a 'java/lang/ClassNotFoundException': org/springframework/core/OrderedCustomizer> (0x000000076d0c4760) thrown at [C:\re\workspace\8-2-build-windows-amd64-cygwin\jdk8u181\11358\hotspot\src\share\vm\classfile\systemDictionary.cpp, line 210]
Event: 4.708 Thread 0x000000000372e000 Exception <a 'java/lang/IncompatibleClassChangeError': Found class java.lang.Object, but interface was expected> (0x000000076d1e83f8) thrown at [C:\re\workspace\8-2-build-windows-amd64-cygwin\jdk8u181\11358\hotspot\src\share\vm\interpreter\linkResolver.cp
Event: 4.719 Thread 0x000000000372e000 Exception <a 'java/lang/ClassNotFoundException': java/lang/ObjectCustomizer> (0x000000076d2eb068) thrown at [C:\re\workspace\8-2-build-windows-amd64-cygwin\jdk8u181\11358\hotspot\src\share\vm\classfile\systemDictionary.cpp, line 210]
Event: 4.719 Thread 0x000000000372e000 Exception <a 'java/lang/ClassNotFoundException': org/springframework/boot/autoconfigure/web/servlet/error/ErrorMvcAutoConfigurationCustomizer> (0x000000076d3227e0) thrown at [C:\re\workspace\8-2-build-windows-amd64-cygwin\jdk8u181\11358\hotspot\src\share\
Event: 4.721 Thread 0x000000000372e000 Exception <a 'java/lang/ClassNotFoundException': java/lang/ObjectCustomizer> (0x000000076d33f1e0) thrown at [C:\re\workspace\8-2-build-windows-amd64-cygwin\jdk8u181\11358\hotspot\src\share\vm\classfile\systemDictionary.cpp, line 210]
Event: 4.721 Thread 0x000000000372e000 Exception <a 'java/lang/ClassNotFoundException': org/springframework/boot/autoconfigure/web/servlet/DispatcherServletAutoConfiguration$DispatcherServletRegistrationConfigurationCustomizer> (0x000000076d38a340) thrown at [C:\re\workspace\8-2-build-windows-
Event: 4.723 Thread 0x000000000372e000 Exception <a 'java/lang/ClassNotFoundException': java/lang/ObjectCustomizer> (0x000000076d3a87d0) thrown at [C:\re\workspace\8-2-build-windows-amd64-cygwin\jdk8u181\11358\hotspot\src\share\vm\classfile\systemDictionary.cpp, line 210]

Events (10 events):
Event: 4.721 loading class org/springframework/boot/autoconfigure/web/servlet/DispatcherServletAutoConfiguration$DispatcherServletRegistrationConfigurationCustomizer
Event: 4.721 loading class org/springframework/boot/autoconfigure/web/servlet/DispatcherServletAutoConfiguration$DispatcherServletRegistrationConfigurationCustomizer done
Event: 4.723 loading class java/lang/ObjectCustomizer
Event: 4.723 loading class java/lang/ObjectCustomizer done
Event: 4.723 loading class java/lang/ObjectCustomizer
Event: 4.723 loading class java/lang/ObjectCustomizer done
Event: 4.723 loading class org/springframework/boot/autoconfigure/web/servlet/DispatcherServletAutoConfiguration$DispatcherServletConfigurationCustomizer
Event: 4.723 loading class org/springframework/boot/autoconfigure/web/servlet/DispatcherServletAutoConfiguration$DispatcherServletConfigurationCustomizer done
Event: 4.723 loading class org/springframework/boot/autoconfigure/web/servlet/DispatcherServletAutoConfiguration$DispatcherServletConfigurationCustomizer
Event: 4.723 loading class org/springframework/boot/autoconfigure/web/servlet/DispatcherServletAutoConfiguration$DispatcherServletConfigurationCustomizer done


Dynamic libraries:
0x00007ff674080000 - 0x00007ff6740b7000 	D:\java\jdk1.8.0_181\jre\bin\java.exe
0x00007ff9b8010000 - 0x00007ff9b8205000 	C:\WINDOWS\SYSTEM32\ntdll.dll
0x00007ff9b6170000 - 0x00007ff9b622d000 	C:\WINDOWS\System32\KERNEL32.DLL
0x00007ff9b5d10000 - 0x00007ff9b5fd8000 	C:\WINDOWS\System32\KERNELBASE.dll
0x00007ff9b6d20000 - 0x00007ff9b6dcc000 	C:\WINDOWS\System32\ADVAPI32.dll
0x00007ff9b6ec0000 - 0x00007ff9b6f5e000 	C:\WINDOWS\System32\msvcrt.dll
0x00007ff9b6650000 - 0x00007ff9b66eb000 	C:\WINDOWS\System32\sechost.dll
0x00007ff9b7dc0000 - 0x00007ff9b7eeb000 	C:\WINDOWS\System32\RPCRT4.dll
0x00007ff9b7c20000 - 0x00007ff9b7dc0000 	C:\WINDOWS\System32\USER32.dll
0x00007ff9b5780000 - 0x00007ff9b57a2000 	C:\WINDOWS\System32\win32u.dll
0x00007ff9b66f0000 - 0x00007ff9b671a000 	C:\WINDOWS\System32\GDI32.dll
0x00007ff9b5a60000 - 0x00007ff9b5b6b000 	C:\WINDOWS\System32\gdi32full.dll
0x00007ff9b5fe0000 - 0x00007ff9b607d000 	C:\WINDOWS\System32\msvcp_win.dll
0x00007ff9b57b0000 - 0x00007ff9b58b0000 	C:\WINDOWS\System32\ucrtbase.dll
0x00007ff9a6170000 - 0x00007ff9a640a000 	C:\WINDOWS\WinSxS\amd64_microsoft.windows.common-controls_6595b64144ccf1df_6.0.19041.1052_none_60b8f8fd71f5e8cb\COMCTL32.dll
0x00007ff9b6c90000 - 0x00007ff9b6cc0000 	C:\WINDOWS\System32\IMM32.DLL
0x00007ff9b0280000 - 0x00007ff9b032e000 	C:\WINDOWS\system32\tmumh\20019\AddOn\7.0.0.1182\TmUmEvt64.dll
0x00007ff9b6e30000 - 0x00007ff9b6e38000 	C:\WINDOWS\System32\PSAPI.DLL
0x00007ff9b6dd0000 - 0x00007ff9b6e25000 	C:\WINDOWS\System32\shlwapi.dll
0x000000006cff0000 - 0x000000006d10a000 	C:\WINDOWS\system32\tmumh\20019\TmMon\2.5.0.2103\tmmon64.dll
0x0000000180000000 - 0x00000001800a0000 	C:\Windows\LVUAAgentInstBaseRoot\system32\Vozokopot.dll
0x00007ff9b7ef0000 - 0x00007ff9b7fca000 	C:\WINDOWS\System32\COMDLG32.dll
0x00007ff9b68d0000 - 0x00007ff9b6c25000 	C:\WINDOWS\System32\combase.dll
0x00007ff9b6230000 - 0x00007ff9b62de000 	C:\WINDOWS\System32\shcore.dll
0x00007ff9b7480000 - 0x00007ff9b7bbf000 	C:\WINDOWS\System32\SHELL32.dll
0x00007ff999810000 - 0x00007ff999870000 	C:\Windows\LVUAAgentInstBaseRoot\system32\MozartBreathWeb.dll
0x00007ff99aaa0000 - 0x00007ff99aff9000 	C:\Windows\LVUAAgentInstBaseRoot\system32\MozartBreathCore.dll
0x00007ff9b6720000 - 0x00007ff9b684a000 	C:\WINDOWS\System32\ole32.dll
0x00007ff9b6080000 - 0x00007ff9b614d000 	C:\WINDOWS\System32\OLEAUT32.dll
0x00007ff9b6860000 - 0x00007ff9b68cb000 	C:\WINDOWS\System32\WS2_32.dll
0x000000006bdd0000 - 0x000000006be6a000 	C:\Windows\LVUAAgentInstBaseRoot\system32\SteinwayMSVCRT.dll
0x000000006bd00000 - 0x000000006bdd0000 	C:\Windows\LVUAAgentInstBaseRoot\system32\SteinwayMSVCSTL.dll
0x00007ff9a6410000 - 0x00007ff9a649e000 	C:\WINDOWS\SYSTEM32\WINSPOOL.DRV
0x00007ff9b1aa0000 - 0x00007ff9b1ab4000 	C:\WINDOWS\SYSTEM32\WTSAPI32.dll
0x00007ff9b4bd0000 - 0x00007ff9b4c9c000 	C:\WINDOWS\SYSTEM32\DNSAPI.dll
0x00007ff9b0730000 - 0x00007ff9b074d000 	C:\WINDOWS\SYSTEM32\MPR.dll
0x00007ff9b4b90000 - 0x00007ff9b4bcb000 	C:\WINDOWS\SYSTEM32\IPHLPAPI.DLL
0x00007ff9b6400000 - 0x00007ff9b6408000 	C:\WINDOWS\System32\NSI.dll
0x00007ff9a1c30000 - 0x00007ff9a1c60000 	C:\Windows\LVUAAgentInstBaseRoot\system32\MozartBreathFw.dll
0x00007ff99aa30000 - 0x00007ff99aa95000 	C:\Windows\LVUAAgentInstBaseRoot\system32\MozartBreathFile.dll
0x00007ff999a30000 - 0x00007ff999a6f000 	C:\Windows\LVUAAgentInstBaseRoot\system32\MozartBreathPrint.dll
0x00007ff9adb80000 - 0x00007ff9adb87000 	C:\WINDOWS\SYSTEM32\MSIMG32.dll
0x00007ff99b160000 - 0x00007ff99b193000 	C:\Windows\LVUAAgentInstBaseRoot\system32\MozartBreathProcess.dll
0x00007ff9a1b80000 - 0x00007ff9a1b9a000 	C:\Windows\LVUAAgentInstBaseRoot\system32\MozartBreathBolo.dll
0x00007ff9aa040000 - 0x00007ff9aa055000 	C:\Windows\LVUAAgentInstBaseRoot\system32\MozartBreathProtect.dll
0x000000006ad70000 - 0x000000006ae42000 	D:\java\jdk1.8.0_181\jre\bin\msvcr100.dll
0x000000006a080000 - 0x000000006a922000 	D:\java\jdk1.8.0_181\jre\bin\server\jvm.dll
0x00007ff9a94c0000 - 0x00007ff9a94c9000 	C:\WINDOWS\SYSTEM32\WSOCK32.dll
0x00007ff9ad250000 - 0x00007ff9ad277000 	C:\WINDOWS\SYSTEM32\WINMM.dll
0x00007ff9b01f0000 - 0x00007ff9b01fa000 	C:\WINDOWS\SYSTEM32\VERSION.dll
0x000000006c010000 - 0x000000006c01f000 	D:\java\jdk1.8.0_181\jre\bin\verify.dll
0x000000006ad40000 - 0x000000006ad69000 	D:\java\jdk1.8.0_181\jre\bin\java.dll
0x00007ff9b1740000 - 0x00007ff9b17aa000 	C:\WINDOWS\SYSTEM32\Wlanapi.dll
0x00007ff9b5690000 - 0x00007ff9b56af000 	C:\WINDOWS\SYSTEM32\profapi.dll
0x000000006ad20000 - 0x000000006ad36000 	D:\java\jdk1.8.0_181\jre\bin\zip.dll
0x00007ff9b3590000 - 0x00007ff9b3d20000 	C:\WINDOWS\SYSTEM32\windows.storage.dll
0x00007ff9b50f0000 - 0x00007ff9b511c000 	C:\WINDOWS\SYSTEM32\Wldp.dll
0x000000006ab00000 - 0x000000006ab0d000 	D:\java\jdk1.8.0_181\jre\bin\management.dll
0x000000006ad00000 - 0x000000006ad1a000 	D:\java\jdk1.8.0_181\jre\bin\net.dll
0x00007ff9b4ed0000 - 0x00007ff9b4f3a000 	C:\WINDOWS\system32\mswsock.dll
0x000000006ace0000 - 0x000000006acf1000 	D:\java\jdk1.8.0_181\jre\bin\nio.dll
0x00007ff9a7890000 - 0x00007ff9a78a7000 	C:\WINDOWS\system32\napinsp.dll
0x00007ff9a76e0000 - 0x00007ff9a76fb000 	C:\WINDOWS\system32\pnrpnsp.dll
0x00007ff9a7140000 - 0x00007ff9a7155000 	C:\WINDOWS\system32\wshbth.dll
0x00007ff9b17d0000 - 0x00007ff9b17ed000 	C:\WINDOWS\system32\NLAapi.dll
0x00007ff9a6c60000 - 0x00007ff9a6c72000 	C:\WINDOWS\System32\winrnr.dll
0x00007ff9b0930000 - 0x00007ff9b093a000 	C:\Windows\System32\rasadhlp.dll
0x00007ff9b2910000 - 0x00007ff9b298f000 	C:\WINDOWS\System32\fwpuclnt.dll
0x00007ff9b5750000 - 0x00007ff9b5777000 	C:\WINDOWS\System32\bcrypt.dll
0x00007ff9b2610000 - 0x00007ff9b2627000 	C:\WINDOWS\SYSTEM32\dhcpcsvc6.DLL
0x00007ff9b25f0000 - 0x00007ff9b260d000 	C:\WINDOWS\SYSTEM32\dhcpcsvc.DLL

VM Arguments:
java_command: C:\Users\WUHAOQ~1.SIN\AppData\Local\Temp\surefire3411561320771788506\surefirebooter8741917451547785602.jar C:\Users\wuhaoqiang.SINATAYDOM\AppData\Local\Temp\surefire3411561320771788506 2021-06-30T17-28-50_794-jvmRun1 surefire6035371364274034682tmp surefire_02041369322145210049tmp
java_class_path (initial): C:\Users\WUHAOQ~1.SIN\AppData\Local\Temp\surefire3411561320771788506\surefirebooter8741917451547785602.jar
Launcher Type: SUN_STANDARD

Environment Variables:
JAVA_HOME=D:\java\jdk1.7.0_79
CLASSPATH=.;D:\java\jdk1.7.0_79\lib;D:\java\jdk1.7.0_79\lib\dt.jar;D:\java\jdk1.7.0_79\lib\tools.jar
PATH=C:\Program Files (x86)\Common Files\Oracle\Java\javapath;D:\Program Files (x86)\NetSarang\Xftp 6\;D:\Xshell 6\;C:\Program Files (x86)\Intel\Intel(R) Management Engine Components\iCLS\;C:\Program Files\Intel\Intel(R) Management Engine Components\iCLS\;C:\WINDOWS\system32;C:\WINDOWS;C:\WINDOWS\System32\Wbem;C:\WINDOWS\System32\WindowsPowerShell\v1.0\;C:\WINDOWS\System32\OpenSSH\;C:\Program Files (x86)\Intel\Intel(R) Management Engine Components\DAL;C:\Program Files\Intel\Intel(R) Management Engine Components\DAL;D:\java\jdk1.7.0_79\bin;D:\java\jdk1.7.0_79\jre\bin;D:\install\OracleClient;C:\PROGRA~2\F-Secure\SSHTRI~1;C:\Program Files\TortoiseSVN\bin;D:\tools\apache-maven-3.8.1-bin\apache-maven-3.8.1\bin;D:\install\nodejs\;C:\Program Files\Git\cmd;C:\Program Files\TortoiseGit\bin;%MAVEN_HOME%\bin;D:\Program Files\MySQL\MySQL Server 5.1\bin;C:\Program Files\Docker\Docker\resources\bin;C:\ProgramData\DockerDesktop\version-bin;C:\Users\wuhaoqiang.SINATAYDOM\AppData\Local\Microsoft\WindowsApps;C:\Users\wuhaoqiang.SINATAYDOM\AppData\Local\BypassRuntm;C:\Users\wuhaoqiang.SINATAYDOM\AppData\Local\Microsoft\WindowsApps;;D:\install\Microsoft VS Code\bin
USERNAME=wuhaoqiang
OS=Windows_NT
PROCESSOR_IDENTIFIER=Intel64 Family 6 Model 158 Stepping 10, GenuineIntel



---------------  S Y S T E M  ---------------

OS: Windows 10.0 , 64 bit Build 19041 (10.0.19041.1023)

CPU:total 12 (initial active 12) (6 cores per cpu, 2 threads per core) family 6 model 158 stepping 10, cmov, cx8, fxsr, mmx, sse, sse2, sse3, ssse3, sse4.1, sse4.2, popcnt, avx, avx2, aes, clmul, erms, rtm, 3dnowpref, lzcnt, ht, tsc, tscinvbit, bmi1, bmi2, adx

Memory: 4k page, physical 16608308k(2046432k free), swap 32227248k(5120k free)

vm_info: Java HotSpot(TM) 64-Bit Server VM (25.181-b13) for windows-amd64 JRE (1.8.0_181-b13), built on Jul  7 2018 04:01:33 by "java_re" with MS VC++ 10.0 (VS2010)

time: Wed Jun 30 17:28:56 2021
elapsed time: 4 seconds (0d 0h 0m 4s)

